[0.023s] Invoking command in '/home/fortunato/ros2_ws/build/tuo_pacchetto': /usr/bin/cmake /home/fortunato/ros2_ws/src/nodi -DCATKIN_INSTALL_INTO_PREFIX_ROOT=0 -DCMAKE_INSTALL_PREFIX=/home/fortunato/ros2_ws/install/tuo_pacchetto
[0.037s] -- Found ament_cmake: 1.3.11 (/opt/ros/humble/share/ament_cmake/cmake)
[0.239s] -- Found rclcpp: 16.0.12 (/opt/ros/humble/share/rclcpp/cmake)
[0.334s] -- Found rosidl_generator_c: 3.1.6 (/opt/ros/humble/share/rosidl_generator_c/cmake)
[0.340s] -- Found rosidl_adapter: 3.1.6 (/opt/ros/humble/share/rosidl_adapter/cmake)
[0.353s] -- Found rosidl_generator_cpp: 3.1.6 (/opt/ros/humble/share/rosidl_generator_cpp/cmake)
[0.376s] -- Using all available rosidl_typesupport_c: rosidl_typesupport_fastrtps_c;rosidl_typesupport_introspection_c
[0.404s] -- Using all available rosidl_typesupport_cpp: rosidl_typesupport_fastrtps_cpp;rosidl_typesupport_introspection_cpp
[0.464s] -- Found rmw_implementation_cmake: 6.1.2 (/opt/ros/humble/share/rmw_implementation_cmake/cmake)
[0.466s] -- Found rmw_fastrtps_cpp: 6.2.7 (/opt/ros/humble/share/rmw_fastrtps_cpp/cmake)
[0.588s] -- Using RMW implementation 'rmw_fastrtps_cpp' as default
[0.653s] -- Found rosidl_default_generators: 1.2.0 (/opt/ros/humble/share/rosidl_default_generators/cmake)
[0.753s] -- Configuring done
[0.762s] -- Generating done
[0.766s] -- Build files have been written to: /home/fortunato/ros2_ws/build/tuo_pacchetto
[0.775s] Invoked command in '/home/fortunato/ros2_ws/build/tuo_pacchetto' returned '0': /usr/bin/cmake /home/fortunato/ros2_ws/src/nodi -DCATKIN_INSTALL_INTO_PREFIX_ROOT=0 -DCMAKE_INSTALL_PREFIX=/home/fortunato/ros2_ws/install/tuo_pacchetto
[0.777s] Invoking command in '/home/fortunato/ros2_ws/build/tuo_pacchetto': /usr/bin/cmake --build /home/fortunato/ros2_ws/build/tuo_pacchetto -- -j8 -l8
[0.963s] [ 50%] [32mBuilding CXX object CMakeFiles/nodo.dir/src/nodo.cpp.o[0m
[3.560s] [01m[K/home/fortunato/ros2_ws/src/nodi/src/nodo.cpp:152:38:[m[K [01;31m[Kerror: [m[Kâ€˜[01m[KFloat64MultiArray[m[Kâ€™ is not a member of â€˜[01m[Kstd_msgs::msg[m[Kâ€™
[3.560s]   152 |     rclcpp::Publisher<std_msgs::msg::[01;31m[KFloat64MultiArray[m[K>::SharedPtr pub_Vv;
[3.560s]       |                                      [01;31m[K^~~~~~~~~~~~~~~~~[m[K
[3.560s] [01m[K/home/fortunato/ros2_ws/src/nodi/src/nodo.cpp:152:55:[m[K [01;31m[Kerror: [m[Ktemplate argument 1 is invalid
[3.560s]   152 |     rclcpp::Publisher<std_msgs::msg::Float64MultiArray[01;31m[K>[m[K::SharedPtr pub_Vv;
[3.560s]       |                                                       [01;31m[K^[m[K
[3.562s] [01m[K/home/fortunato/ros2_ws/src/nodi/src/nodo.cpp:152:58:[m[K [01;31m[Kerror: [m[Kexpected â€˜[01m[K;[m[Kâ€™ at end of member declaration
[3.562s]   152 |     rclcpp::Publisher<std_msgs::msg::Float64MultiArray>::[01;31m[KSharedPtr[m[K pub_Vv;
[3.562s]       |                                                          [01;31m[K^~~~~~~~~[m[K
[3.563s]       |                                                                   [32m[K;[m[K
[3.564s] [01m[K/home/fortunato/ros2_ws/src/nodi/src/nodo.cpp:152:68:[m[K [01;31m[Kerror: [m[Kâ€˜[01m[Kpub_Vv[m[Kâ€™ does not name a type
[3.564s]   152 |  rclcpp::Publisher<std_msgs::msg::Float64MultiArray>::SharedPtr [01;31m[Kpub_Vv[m[K;
[3.564s]       |                                                                 [01;31m[K^~~~~~[m[K
[3.564s] 
[3.600s] [01m[K/home/fortunato/ros2_ws/src/nodi/src/nodo.cpp:133:28:[m[K [01;31m[Kerror: [m[Kexpected â€˜[01m[K}[m[Kâ€™ before â€˜[01m[Ku[m[Kâ€™
[3.601s]   133 |         {0, 0, 0, 0, 0, 10}[01;31m[Ku[m[K
[3.601s]       |                            [01;31m[K^[m[K
[3.601s] [01m[K/home/fortunato/ros2_ws/src/nodi/src/nodo.cpp:127:42:[m[K [01;36m[Knote: [m[Kto match this â€˜[01m[K{[m[Kâ€™
[3.601s]   127 |     std::vector<std::vector<int>> Jpri = [01;36m[K{[m[K
[3.601s]       |                                          [01;36m[K^[m[K
[3.601s] [01m[K/home/fortunato/ros2_ws/src/nodi/src/nodo.cpp:133:28:[m[K [01;31m[Kerror: [m[Kexpected â€˜[01m[K;[m[Kâ€™ before â€˜[01m[Ku[m[Kâ€™
[3.601s]   133 |         {0, 0, 0, 0, 0, 10}[01;31m[Ku[m[K
[3.601s]       |                            [01;31m[K^[m[K
[3.608s] [01m[K/home/fortunato/ros2_ws/src/nodi/src/nodo.cpp:[m[K In constructor â€˜[01m[KNodoConsenso::NodoConsenso()[m[Kâ€™:
[3.609s] [01m[K/home/fortunato/ros2_ws/src/nodi/src/nodo.cpp:12:9:[m[K [01;31m[Kerror: [m[Kâ€˜[01m[Kpub_Vv[m[Kâ€™ was not declared in this scope
[3.609s]    12 |         [01;31m[Kpub_Vv[m[K = this->create_publisher<std_msgs::msg::Float64MultiArray>(nomepub, 10);
[3.609s]       |         [01;31m[K^~~~~~[m[K
[3.609s] [01m[K/home/fortunato/ros2_ws/src/nodi/src/nodo.cpp:12:56:[m[K [01;31m[Kerror: [m[Kâ€˜[01m[KFloat64MultiArray[m[Kâ€™ is not a member of â€˜[01m[Kstd_msgs::msg[m[Kâ€™
[3.609s]    12 |         pub_Vv = this->create_publisher<std_msgs::msg::[01;31m[KFloat64MultiArray[m[K>(nomepub, 10);
[3.609s]       |                                                        [01;31m[K^~~~~~~~~~~~~~~~~[m[K
[3.609s] [01m[K/home/fortunato/ros2_ws/src/nodi/src/nodo.cpp:12:74:[m[K [01;31m[Kerror: [m[Kno matching function for call to â€˜[01m[KNodoConsenso::create_publisher<<expression error> >(std::string&, int)[m[Kâ€™
[3.609s]    12 | v = [01;31m[Kthis->create_publisher<std_msgs::msg::Float64MultiArray>(nomepub, 10)[m[K;
[3.609s]       |     [01;31m[K~~~~~~~~~~~~~~~~~~~~~~~~~~~~~~~~~~~~~~~~~~~~~~~~~~~~~~~~^~~~~~~~~~~~~[m[K
[3.609s] 
[3.609s] In file included from [01m[K/opt/ros/humble/include/rclcpp/rclcpp/executors/single_threaded_executor.hpp:28[m[K,
[3.609s]                  from [01m[K/opt/ros/humble/include/rclcpp/rclcpp/executors.hpp:22[m[K,
[3.610s]                  from [01m[K/opt/ros/humble/include/rclcpp/rclcpp/rclcpp.hpp:155[m[K,
[3.610s]                  from [01m[K/home/fortunato/ros2_ws/src/nodi/src/nodo.cpp:1[m[K:
[3.610s] [01m[K/opt/ros/humble/include/rclcpp/rclcpp/node.hpp:195:3:[m[K [01;36m[Knote: [m[Kcandidate: â€˜[01m[Ktemplate<class MessageT, class AllocatorT, class PublisherT> std::shared_ptr<PublisherT> rclcpp::Node::create_publisher(const string&, const rclcpp::QoS&, const rclcpp::PublisherOptionsWithAllocator<AllocatorT>&)[m[Kâ€™
[3.610s]   195 |   [01;36m[Kcreate_publisher[m[K(
[3.610s]       |   [01;36m[K^~~~~~~~~~~~~~~~[m[K
[3.610s] [01m[K/opt/ros/humble/include/rclcpp/rclcpp/node.hpp:195:3:[m[K [01;36m[Knote: [m[K  template argument deduction/substitution failed:
[3.610s] [01m[K/home/fortunato/ros2_ws/src/nodi/src/nodo.cpp:12:74:[m[K [01;31m[Kerror: [m[Ktemplate argument 1 is invalid
[3.610s]    12 | v = [01;31m[Kthis->create_publisher<std_msgs::msg::Float64MultiArray>(nomepub, 10)[m[K;
[3.610s]       |     [01;31m[K~~~~~~~~~~~~~~~~~~~~~~~~~~~~~~~~~~~~~~~~~~~~~~~~~~~~~~~~^~~~~~~~~~~~~[m[K
[3.610s] 
[3.615s] [01m[K/home/fortunato/ros2_ws/src/nodi/src/nodo.cpp:18:9:[m[K [01;31m[Kerror: [m[Kâ€˜[01m[Ksub_misura[m[Kâ€™ was not declared in this scope
[3.615s]    18 |         [01;31m[Ksub_misura[m[K = this->create_subscription<std_msgs::msg::Float64MultiArray>(
[3.615s]       |         [01;31m[K^~~~~~~~~~[m[K
[3.615s] [01m[K/home/fortunato/ros2_ws/src/nodi/src/nodo.cpp:18:63:[m[K [01;31m[Kerror: [m[Kâ€˜[01m[KFloat64MultiArray[m[Kâ€™ is not a member of â€˜[01m[Kstd_msgs::msg[m[Kâ€™
[3.615s]    18 |       sub_misura = this->create_subscription<std_msgs::msg::[01;31m[KFloat64MultiArray[m[K>(
[3.615s]       |                                                             [01;31m[K^~~~~~~~~~~~~~~~~[m[K
[3.615s] 
[3.620s] [01m[K/home/fortunato/ros2_ws/src/nodi/src/nodo.cpp:18:81:[m[K [01;31m[Kerror: [m[Kno matching function for call to â€˜[01m[KNodoConsenso::create_subscription<<expression error> >(const char [16], int, std::_Bind_helper<false, void (NodoConsenso::*)(std::shared_ptr<std_msgs::msg::Float64_<std::allocator<void> > >), NodoConsenso*, const std::_Placeholder<1>&>::type)[m[Kâ€™
[3.620s]    18 | b_misura = [01;31m[Kthis->create_subscription<std_msgs::msg::Float64MultiArray>([m[K
[3.620s]       |            [01;31m[K~~~~~~~~~~~~~~~~~~~~~~~~~~~~~~~~~~~~~~~~~~~~~~~~~~~~~~~~~~~^[m[K
[3.620s] 
[3.620s]    19 | [01;31m[K  "misura_iniziale", 10,[m[K
[3.620s]       |   [01;31m[K~~~~~~~~~~~~~~~~~~~~~~[m[K                                               
[3.620s] 
[3.620s]    20 | [01;31m[K  std::bind(&NodoConsenso::callback_misura, this, std::placeholders::_1))[m[K;
[3.620s]       |   [01;31m[K~~~~~~~~~~~~~~~~~~~~~~~~~~~~~~~~~~~~~~~~~~~~~~~~~~~~~~~~~~~~~~~~~~~~~~~[m[K
[3.620s] 
[3.620s] In file included from [01m[K/opt/ros/humble/include/rclcpp/rclcpp/executors/single_threaded_executor.hpp:28[m[K,
[3.620s]                  from [01m[K/opt/ros/humble/include/rclcpp/rclcpp/executors.hpp:22[m[K,
[3.620s]                  from [01m[K/opt/ros/humble/include/rclcpp/rclcpp/rclcpp.hpp:155[m[K,
[3.620s]                  from [01m[K/home/fortunato/ros2_ws/src/nodi/src/nodo.cpp:1[m[K:
[3.620s] [01m[K/opt/ros/humble/include/rclcpp/rclcpp/node.hpp:219:3:[m[K [01;36m[Knote: [m[Kcandidate: â€˜[01m[Ktemplate<class MessageT, class CallbackT, class AllocatorT, class SubscriptionT, class MessageMemoryStrategyT> std::shared_ptr<ROSMessageT> rclcpp::Node::create_subscription(const string&, const rclcpp::QoS&, CallbackT&&, const rclcpp::SubscriptionOptionsWithAllocator<AllocatorT>&, typename MessageMemoryStrategyT::SharedPtr)[m[Kâ€™
[3.621s]   219 |   [01;36m[Kcreate_subscription[m[K(
[3.621s]       |   [01;36m[K^~~~~~~~~~~~~~~~~~~[m[K
[3.621s] [01m[K/opt/ros/humble/include/rclcpp/rclcpp/node.hpp:219:3:[m[K [01;36m[Knote: [m[K  template argument deduction/substitution failed:
[3.621s] [01m[K/home/fortunato/ros2_ws/src/nodi/src/nodo.cpp:18:81:[m[K [01;31m[Kerror: [m[Ktemplate argument 1 is invalid
[3.621s]    18 | b_misura = [01;31m[Kthis->create_subscription<std_msgs::msg::Float64MultiArray>([m[K
[3.621s]       |            [01;31m[K~~~~~~~~~~~~~~~~~~~~~~~~~~~~~~~~~~~~~~~~~~~~~~~~~~~~~~~~~~~^[m[K
[3.621s] 
[3.621s]    19 | [01;31m[K  "misura_iniziale", 10,[m[K
[3.621s]       |   [01;31m[K~~~~~~~~~~~~~~~~~~~~~~[m[K                                               
[3.621s] 
[3.621s]    20 | [01;31m[K  std::bind(&NodoConsenso::callback_misura, this, std::placeholders::_1))[m[K;
[3.621s]       |   [01;31m[K~~~~~~~~~~~~~~~~~~~~~~~~~~~~~~~~~~~~~~~~~~~~~~~~~~~~~~~~~~~~~~~~~~~~~~~[m[K
[3.621s] 
[3.632s] [01m[K/home/fortunato/ros2_ws/src/nodi/src/nodo.cpp:24:13:[m[K [01;31m[Kerror: [m[Kâ€˜[01m[Ksubscriber_sinistro_[m[Kâ€™ was not declared in this scope
[3.633s]    24 |             [01;31m[Ksubscriber_sinistro_[m[K = this->create_subscription<std_msgs::msg::Float64MultiArray>(
[3.633s]       |             [01;31m[K^~~~~~~~~~~~~~~~~~~~[m[K
[3.633s] [01m[K/home/fortunato/ros2_ws/src/nodi/src/nodo.cpp:24:77:[m[K [01;31m[Kerror: [m[Kâ€˜[01m[KFloat64MultiArray[m[Kâ€™ is not a member of â€˜[01m[Kstd_msgs::msg[m[Kâ€™
[3.633s]    24 | criber_sinistro_ = this->create_subscription<std_msgs::msg::[01;31m[KFloat64MultiArray[m[K>(
[3.633s]       |                                                             [01;31m[K^~~~~~~~~~~~~~~~~[m[K
[3.633s] 
[3.633s] [01m[K/home/fortunato/ros2_ws/src/nodi/src/nodo.cpp:24:95:[m[K [01;31m[Kerror: [m[Kno matching function for call to â€˜[01m[KNodoConsenso::create_subscription<<expression error> >(std::string&, int)[m[Kâ€™
[3.634s]    24 | inistro_ = [01;31m[Kthis->create_subscription<std_msgs::msg::Float64MultiArray>([m[K
[3.634s]       |            [01;31m[K~~~~~~~~~~~~~~~~~~~~~~~~~~~~~~~~~~~~~~~~~~~~~~~~~~~~~~~~~~~^[m[K
[3.634s] 
[3.634s]    25 | [01;31m[Kiacente_sinistro, 10)[m[K;
[3.634s]       | [01;31m[K~~~~~~~~~~~~~~~~~~~~~[m[K                                                  
[3.634s] 
[3.634s] In file included from [01m[K/opt/ros/humble/include/rclcpp/rclcpp/executors/single_threaded_executor.hpp:28[m[K,
[3.634s]                  from [01m[K/opt/ros/humble/include/rclcpp/rclcpp/executors.hpp:22[m[K,
[3.634s]                  from [01m[K/opt/ros/humble/include/rclcpp/rclcpp/rclcpp.hpp:155[m[K,
[3.634s]                  from [01m[K/home/fortunato/ros2_ws/src/nodi/src/nodo.cpp:1[m[K:
[3.634s] [01m[K/opt/ros/humble/include/rclcpp/rclcpp/node.hpp:219:3:[m[K [01;36m[Knote: [m[Kcandidate: â€˜[01m[Ktemplate<class MessageT, class CallbackT, class AllocatorT, class SubscriptionT, class MessageMemoryStrategyT> std::shared_ptr<ROSMessageT> rclcpp::Node::create_subscription(const string&, const rclcpp::QoS&, CallbackT&&, const rclcpp::SubscriptionOptionsWithAllocator<AllocatorT>&, typename MessageMemoryStrategyT::SharedPtr)[m[Kâ€™
[3.634s]   219 |   [01;36m[Kcreate_subscription[m[K(
[3.634s]       |   [01;36m[K^~~~~~~~~~~~~~~~~~~[m[K
[3.634s] [01m[K/opt/ros/humble/include/rclcpp/rclcpp/node.hpp:219:3:[m[K [01;36m[Knote: [m[K  template argument deduction/substitution failed:
[3.634s] [01m[K/home/fortunato/ros2_ws/src/nodi/src/nodo.cpp:24:95:[m[K [01;31m[Kerror: [m[Ktemplate argument 1 is invalid
[3.634s]    24 | inistro_ = [01;31m[Kthis->create_subscription<std_msgs::msg::Float64MultiArray>([m[K
[3.634s]       |            [01;31m[K~~~~~~~~~~~~~~~~~~~~~~~~~~~~~~~~~~~~~~~~~~~~~~~~~~~~~~~~~~~^[m[K
[3.634s] 
[3.634s]    25 | [01;31m[Kiacente_sinistro, 10)[m[K;
[3.634s]       | [01;31m[K~~~~~~~~~~~~~~~~~~~~~[m[K                                                  
[3.634s] 
[3.643s] [01m[K/home/fortunato/ros2_ws/src/nodi/src/nodo.cpp:29:13:[m[K [01;31m[Kerror: [m[Kâ€˜[01m[Ksubscriber_sinistro_[m[Kâ€™ was not declared in this scope
[3.643s]    29 |             [01;31m[Ksubscriber_sinistro_[m[K = this->create_subscription<std_msgs::msg::Float64MultiArray>(
[3.643s]       |             [01;31m[K^~~~~~~~~~~~~~~~~~~~[m[K
[3.643s] [01m[K/home/fortunato/ros2_ws/src/nodi/src/nodo.cpp:29:77:[m[K [01;31m[Kerror: [m[Kâ€˜[01m[KFloat64MultiArray[m[Kâ€™ is not a member of â€˜[01m[Kstd_msgs::msg[m[Kâ€™
[3.643s]    29 | criber_sinistro_ = this->create_subscription<std_msgs::msg::[01;31m[KFloat64MultiArray[m[K>(
[3.644s]       |                                                             [01;31m[K^~~~~~~~~~~~~~~~~[m[K
[3.644s] 
[3.644s] [01m[K/home/fortunato/ros2_ws/src/nodi/src/nodo.cpp:29:95:[m[K [01;31m[Kerror: [m[Kno matching function for call to â€˜[01m[KNodoConsenso::create_subscription<<expression error> >(std::string&, int)[m[Kâ€™
[3.644s]    29 | inistro_ = [01;31m[Kthis->create_subscription<std_msgs::msg::Float64MultiArray>([m[K
[3.644s]       |            [01;31m[K~~~~~~~~~~~~~~~~~~~~~~~~~~~~~~~~~~~~~~~~~~~~~~~~~~~~~~~~~~~^[m[K
[3.644s] 
[3.644s]    30 | [01;31m[Kiacente_sinistro, 10)[m[K;
[3.644s]       | [01;31m[K~~~~~~~~~~~~~~~~~~~~~[m[K                                                  
[3.644s] 
[3.644s] In file included from [01m[K/opt/ros/humble/include/rclcpp/rclcpp/executors/single_threaded_executor.hpp:28[m[K,
[3.644s]                  from [01m[K/opt/ros/humble/include/rclcpp/rclcpp/executors.hpp:22[m[K,
[3.644s]                  from [01m[K/opt/ros/humble/include/rclcpp/rclcpp/rclcpp.hpp:155[m[K,
[3.644s]                  from [01m[K/home/fortunato/ros2_ws/src/nodi/src/nodo.cpp:1[m[K:
[3.644s] [01m[K/opt/ros/humble/include/rclcpp/rclcpp/node.hpp:219:3:[m[K [01;36m[Knote: [m[Kcandidate: â€˜[01m[Ktemplate<class MessageT, class CallbackT, class AllocatorT, class SubscriptionT, class MessageMemoryStrategyT> std::shared_ptr<ROSMessageT> rclcpp::Node::create_subscription(const string&, const rclcpp::QoS&, CallbackT&&, const rclcpp::SubscriptionOptionsWithAllocator<AllocatorT>&, typename MessageMemoryStrategyT::SharedPtr)[m[Kâ€™
[3.644s]   219 |   [01;36m[Kcreate_subscription[m[K(
[3.644s]       |   [01;36m[K^~~~~~~~~~~~~~~~~~~[m[K
[3.644s] [01m[K/opt/ros/humble/include/rclcpp/rclcpp/node.hpp:219:3:[m[K [01;36m[Knote: [m[K  template argument deduction/substitution failed:
[3.644s] [01m[K/home/fortunato/ros2_ws/src/nodi/src/nodo.cpp:29:95:[m[K [01;31m[Kerror: [m[Ktemplate argument 1 is invalid
[3.644s]    29 | inistro_ = [01;31m[Kthis->create_subscription<std_msgs::msg::Float64MultiArray>([m[K
[3.644s]       |            [01;31m[K~~~~~~~~~~~~~~~~~~~~~~~~~~~~~~~~~~~~~~~~~~~~~~~~~~~~~~~~~~~^[m[K
[3.644s] 
[3.645s]    30 | [01;31m[Kiacente_sinistro, 10)[m[K;
[3.645s]       | [01;31m[K~~~~~~~~~~~~~~~~~~~~~[m[K                                                  
[3.645s] 
[3.653s] [01m[K/home/fortunato/ros2_ws/src/nodi/src/nodo.cpp:35:13:[m[K [01;31m[Kerror: [m[Kâ€˜[01m[Ksubscriber_destro_[m[Kâ€™ was not declared in this scope
[3.653s]    35 |             [01;31m[Ksubscriber_destro_[m[K = this->create_subscription<std_msgs::msg::Float64MultiArray>(
[3.653s]       |             [01;31m[K^~~~~~~~~~~~~~~~~~[m[K
[3.653s] [01m[K/home/fortunato/ros2_ws/src/nodi/src/nodo.cpp:35:75:[m[K [01;31m[Kerror: [m[Kâ€˜[01m[KFloat64MultiArray[m[Kâ€™ is not a member of â€˜[01m[Kstd_msgs::msg[m[Kâ€™
[3.654s]    35 | bscriber_destro_ = this->create_subscription<std_msgs::msg::[01;31m[KFloat64MultiArray[m[K>(
[3.654s]       |                                                             [01;31m[K^~~~~~~~~~~~~~~~~[m[K
[3.654s] 
[3.654s] [01m[K/home/fortunato/ros2_ws/src/nodi/src/nodo.cpp:35:93:[m[K [01;31m[Kerror: [m[Kno matching function for call to â€˜[01m[KNodoConsenso::create_subscription<<expression error> >(std::string&, int)[m[Kâ€™
[3.654s]    35 | _destro_ = [01;31m[Kthis->create_subscription<std_msgs::msg::Float64MultiArray>([m[K
[3.654s]       |            [01;31m[K~~~~~~~~~~~~~~~~~~~~~~~~~~~~~~~~~~~~~~~~~~~~~~~~~~~~~~~~~~~^[m[K
[3.654s] 
[3.654s]    36 | [01;31m[Kadiacente_destro, 10)[m[K;
[3.654s]       | [01;31m[K~~~~~~~~~~~~~~~~~~~~~[m[K                                                  
[3.654s] 
[3.654s] In file included from [01m[K/opt/ros/humble/include/rclcpp/rclcpp/executors/single_threaded_executor.hpp:28[m[K,
[3.654s]                  from [01m[K/opt/ros/humble/include/rclcpp/rclcpp/executors.hpp:22[m[K,
[3.654s]                  from [01m[K/opt/ros/humble/include/rclcpp/rclcpp/rclcpp.hpp:155[m[K,
[3.654s]                  from [01m[K/home/fortunato/ros2_ws/src/nodi/src/nodo.cpp:1[m[K:
[3.654s] [01m[K/opt/ros/humble/include/rclcpp/rclcpp/node.hpp:219:3:[m[K [01;36m[Knote: [m[Kcandidate: â€˜[01m[Ktemplate<class MessageT, class CallbackT, class AllocatorT, class SubscriptionT, class MessageMemoryStrategyT> std::shared_ptr<ROSMessageT> rclcpp::Node::create_subscription(const string&, const rclcpp::QoS&, CallbackT&&, const rclcpp::SubscriptionOptionsWithAllocator<AllocatorT>&, typename MessageMemoryStrategyT::SharedPtr)[m[Kâ€™
[3.654s]   219 |   [01;36m[Kcreate_subscription[m[K(
[3.654s]       |   [01;36m[K^~~~~~~~~~~~~~~~~~~[m[K
[3.654s] [01m[K/opt/ros/humble/include/rclcpp/rclcpp/node.hpp:219:3:[m[K [01;36m[Knote: [m[K  template argument deduction/substitution failed:
[3.655s] [01m[K/home/fortunato/ros2_ws/src/nodi/src/nodo.cpp:35:93:[m[K [01;31m[Kerror: [m[Ktemplate argument 1 is invalid
[3.655s]    35 | _destro_ = [01;31m[Kthis->create_subscription<std_msgs::msg::Float64MultiArray>([m[K
[3.655s]       |            [01;31m[K~~~~~~~~~~~~~~~~~~~~~~~~~~~~~~~~~~~~~~~~~~~~~~~~~~~~~~~~~~~^[m[K
[3.655s] 
[3.655s]    36 | [01;31m[Kadiacente_destro, 10)[m[K;
[3.655s]       | [01;31m[K~~~~~~~~~~~~~~~~~~~~~[m[K                                                  
[3.655s] 
[3.663s] [01m[K/home/fortunato/ros2_ws/src/nodi/src/nodo.cpp:41:13:[m[K [01;31m[Kerror: [m[Kâ€˜[01m[Ksubscriber_destro_[m[Kâ€™ was not declared in this scope
[3.664s]    41 |             [01;31m[Ksubscriber_destro_[m[K = this->create_subscription<std_msgs::msg::Float64MultiArray>(
[3.664s]       |             [01;31m[K^~~~~~~~~~~~~~~~~~[m[K
[3.664s] [01m[K/home/fortunato/ros2_ws/src/nodi/src/nodo.cpp:41:75:[m[K [01;31m[Kerror: [m[Kâ€˜[01m[KFloat64MultiArray[m[Kâ€™ is not a member of â€˜[01m[Kstd_msgs::msg[m[Kâ€™
[3.664s]    41 | bscriber_destro_ = this->create_subscription<std_msgs::msg::[01;31m[KFloat64MultiArray[m[K>(
[3.664s]       |                                                             [01;31m[K^~~~~~~~~~~~~~~~~[m[K
[3.664s] 
[3.664s] [01m[K/home/fortunato/ros2_ws/src/nodi/src/nodo.cpp:41:93:[m[K [01;31m[Kerror: [m[Kno matching function for call to â€˜[01m[KNodoConsenso::create_subscription<<expression error> >(std::string&, int)[m[Kâ€™
[3.664s]    41 | _destro_ = [01;31m[Kthis->create_subscription<std_msgs::msg::Float64MultiArray>([m[K
[3.664s]       |            [01;31m[K~~~~~~~~~~~~~~~~~~~~~~~~~~~~~~~~~~~~~~~~~~~~~~~~~~~~~~~~~~~^[m[K
[3.664s] 
[3.664s]    42 | [01;31m[Kadiacente_destro, 10)[m[K;
[3.664s]       | [01;31m[K~~~~~~~~~~~~~~~~~~~~~[m[K                                                  
[3.665s] 
[3.665s] In file included from [01m[K/opt/ros/humble/include/rclcpp/rclcpp/executors/single_threaded_executor.hpp:28[m[K,
[3.665s]                  from [01m[K/opt/ros/humble/include/rclcpp/rclcpp/executors.hpp:22[m[K,
[3.665s]                  from [01m[K/opt/ros/humble/include/rclcpp/rclcpp/rclcpp.hpp:155[m[K,
[3.665s]                  from [01m[K/home/fortunato/ros2_ws/src/nodi/src/nodo.cpp:1[m[K:
[3.665s] [01m[K/opt/ros/humble/include/rclcpp/rclcpp/node.hpp:219:3:[m[K [01;36m[Knote: [m[Kcandidate: â€˜[01m[Ktemplate<class MessageT, class CallbackT, class AllocatorT, class SubscriptionT, class MessageMemoryStrategyT> std::shared_ptr<ROSMessageT> rclcpp::Node::create_subscription(const string&, const rclcpp::QoS&, CallbackT&&, const rclcpp::SubscriptionOptionsWithAllocator<AllocatorT>&, typename MessageMemoryStrategyT::SharedPtr)[m[Kâ€™
[3.665s]   219 |   [01;36m[Kcreate_subscription[m[K(
[3.665s]       |   [01;36m[K^~~~~~~~~~~~~~~~~~~[m[K
[3.665s] [01m[K/opt/ros/humble/include/rclcpp/rclcpp/node.hpp:219:3:[m[K [01;36m[Knote: [m[K  template argument deduction/substitution failed:
[3.665s] [01m[K/home/fortunato/ros2_ws/src/nodi/src/nodo.cpp:41:93:[m[K [01;31m[Kerror: [m[Ktemplate argument 1 is invalid
[3.665s]    41 | _destro_ = [01;31m[Kthis->create_subscription<std_msgs::msg::Float64MultiArray>([m[K
[3.665s]       |            [01;31m[K~~~~~~~~~~~~~~~~~~~~~~~~~~~~~~~~~~~~~~~~~~~~~~~~~~~~~~~~~~~^[m[K
[3.665s] 
[3.665s]    42 | [01;31m[Kadiacente_destro, 10)[m[K;
[3.665s]       | [01;31m[K~~~~~~~~~~~~~~~~~~~~~[m[K                                                  
[3.665s] 
[3.675s] [01m[K/home/fortunato/ros2_ws/src/nodi/src/nodo.cpp:[m[K In member function â€˜[01m[Kvoid NodoConsenso::callback_Vv(std_msgs::msg::Float64_<std::allocator<void> >::SharedPtr)[m[Kâ€™:
[3.675s] [01m[K/home/fortunato/ros2_ws/src/nodi/src/nodo.cpp:51:9:[m[K [01;31m[Kerror: [m[Kâ€˜[01m[Kstima_ricevuta_[m[Kâ€™ was not declared in this scope
[3.675s]    51 |         [01;31m[Kstima_ricevuta_[m[K.push_back(msg->data);
[3.675s]       |         [01;31m[K^~~~~~~~~~~~~~~[m[K
[3.684s] [01m[K/home/fortunato/ros2_ws/src/nodi/src/nodo.cpp:[m[K In member function â€˜[01m[Kvoid NodoConsenso::callback_misura(std_msgs::msg::Float64_<std::allocator<void> >::SharedPtr)[m[Kâ€™:
[3.684s] [01m[K/home/fortunato/ros2_ws/src/nodi/src/nodo.cpp:55:9:[m[K [01;31m[Kerror: [m[Kâ€˜[01m[Kmisura_ricevuta_[m[Kâ€™ was not declared in this scope
[3.684s]    55 |         [01;31m[Kmisura_ricevuta_[m[K.push_back(msg->data);
[3.684s]       |         [01;31m[K^~~~~~~~~~~~~~~~[m[K
[3.687s] [01m[K/home/fortunato/ros2_ws/src/nodi/src/nodo.cpp:[m[K In member function â€˜[01m[Kstd::vector<int> NodoConsenso::appendColonne(const std::vector<std::vector<int> >&, const std::vector<std::vector<int> >&)[m[Kâ€™:
[3.687s] [01m[K/home/fortunato/ros2_ws/src/nodi/src/nodo.cpp:106:30:[m[K [01;31m[Kerror: [m[Kno matching function for call to â€˜[01m[Kstd::vector<int>::push_back(const value_type&)[m[Kâ€™
[3.688s]   106 |             [01;31m[Kvettore.push_back(vettore2[k])[m[K;
[3.688s]       |             [01;31m[K~~~~~~~~~~~~~~~~~^~~~~~~~~~~~~[m[K
[3.688s] In file included from [01m[K/usr/include/c++/11/vector:67[m[K,
[3.688s]                  from [01m[K/usr/include/c++/11/functional:62[m[K,
[3.688s]                  from [01m[K/usr/include/c++/11/pstl/glue_algorithm_defs.h:13[m[K,
[3.688s]                  from [01m[K/usr/include/c++/11/algorithm:74[m[K,
[3.688s]                  from [01m[K/opt/ros/humble/include/rclcpp/rclcpp/executor.hpp:18[m[K,
[3.688s]                  from [01m[K/opt/ros/humble/include/rclcpp/rclcpp/executors/multi_threaded_executor.hpp:25[m[K,
[3.688s]                  from [01m[K/opt/ros/humble/include/rclcpp/rclcpp/executors.hpp:21[m[K,
[3.688s]                  from [01m[K/opt/ros/humble/include/rclcpp/rclcpp/rclcpp.hpp:155[m[K,
[3.688s]                  from [01m[K/home/fortunato/ros2_ws/src/nodi/src/nodo.cpp:1[m[K:
[3.688s] [01m[K/usr/include/c++/11/bits/stl_vector.h:1187:7:[m[K [01;36m[Knote: [m[Kcandidate: â€˜[01m[Kvoid std::vector<_Tp, _Alloc>::push_back(const value_type&) [with _Tp = int; _Alloc = std::allocator<int>; std::vector<_Tp, _Alloc>::value_type = int][m[Kâ€™
[3.688s]  1187 |       [01;36m[Kpush_back[m[K(const value_type& __x)
[3.688s]       |       [01;36m[K^~~~~~~~~[m[K
[3.688s] [01m[K/usr/include/c++/11/bits/stl_vector.h:1187:35:[m[K [01;36m[Knote: [m[K  no known conversion for argument 1 from â€˜[01m[Kconst value_type[m[Kâ€™ {aka â€˜[01m[Kconst std::vector<int>[m[Kâ€™} to â€˜[01m[Kconst value_type&[m[Kâ€™ {aka â€˜[01m[Kconst int&[m[Kâ€™}
[3.689s]  1187 |       push_back([01;36m[Kconst value_type& __x[m[K)
[3.689s]       |                 [01;36m[K~~~~~~~~~~~~~~~~~~^~~[m[K
[3.689s] [01m[K/usr/include/c++/11/bits/stl_vector.h:1203:7:[m[K [01;36m[Knote: [m[Kcandidate: â€˜[01m[Kvoid std::vector<_Tp, _Alloc>::push_back(std::vector<_Tp, _Alloc>::value_type&&) [with _Tp = int; _Alloc = std::allocator<int>; std::vector<_Tp, _Alloc>::value_type = int][m[Kâ€™
[3.689s]  1203 |       [01;36m[Kpush_back[m[K(value_type&& __x)
[3.689s]       |       [01;36m[K^~~~~~~~~[m[K
[3.689s] [01m[K/usr/include/c++/11/bits/stl_vector.h:1203:30:[m[K [01;36m[Knote: [m[K  no known conversion for argument 1 from â€˜[01m[Kconst value_type[m[Kâ€™ {aka â€˜[01m[Kconst std::vector<int>[m[Kâ€™} to â€˜[01m[Kstd::vector<int>::value_type&&[m[Kâ€™ {aka â€˜[01m[Kint&&[m[Kâ€™}
[3.689s]  1203 |       push_back([01;36m[Kvalue_type&& __x[m[K)
[3.689s]       |                 [01;36m[K~~~~~~~~~~~~~^~~[m[K
[3.696s] [01m[K/home/fortunato/ros2_ws/src/nodi/src/nodo.cpp:[m[K In member function â€˜[01m[Kvoid NodoConsenso::crea_stima()[m[Kâ€™:
[3.696s] [01m[K/home/fortunato/ros2_ws/src/nodi/src/nodo.cpp:112:14:[m[K [01;31m[Kerror: [m[Kâ€˜[01m[Kmisura_ricevuta[m[Kâ€™ was not declared in this scope
[3.696s]   112 |         if (![01;31m[Kmisura_ricevuta[m[K.empty()) {
[3.696s]       |              [01;31m[K^~~~~~~~~~~~~~~[m[K
[3.705s] [01m[K/home/fortunato/ros2_ws/src/nodi/src/nodo.cpp:113:28:[m[K [01;31m[Kerror: [m[Kâ€˜[01m[Kmisura_ricevuta_[m[Kâ€™ was not declared in this scope
[3.705s]   113 |             float misura = [01;31m[Kmisura_ricevuta_[m[K;
[3.705s]       |                            [01;31m[K^~~~~~~~~~~~~~~~[m[K
[3.706s] [01m[K/home/fortunato/ros2_ws/src/nodi/src/nodo.cpp:114:56:[m[K [01;31m[Kerror: [m[Kno match for â€˜[01m[Koperator*[m[Kâ€™ (operand types are â€˜[01m[Kint[m[Kâ€™ and â€˜[01m[Kstd::vector<std::vector<int> >[m[Kâ€™)
[3.706s]   114 |             std::vector<std::vector<double>>  V0 = [32m[K1/8[m[K [01;31m[K*[m[K [34m[KJpri[m[K + moltiplicaMatrici(moltiplicaMatrici(trasposta(H),R),H);
[3.706s]       |                                                    [32m[K~~~[m[K [01;31m[K^[m[K [34m[K~~~~[m[K
[3.706s]       |                                                     [32m[K|[m[K    [34m[K|[m[K
[3.706s]       |                                                     [32m[Kint[m[K  [34m[Kstd::vector<std::vector<int> >[m[K
[3.706s] [01m[K/home/fortunato/ros2_ws/src/nodi/src/nodo.cpp:114:110:[m[K [01;31m[Kerror: [m[Kcannot convert â€˜[01m[Kstd::vector<std::vector<int> >[m[Kâ€™ to â€˜[01m[Kconst std::vector<std::vector<double, std::allocator<double> > >&[m[Kâ€™
[3.706s]   114 |  = 1/8 * Jpri + moltiplicaMatrici(moltiplicaMatrici([01;31m[Ktrasposta(H)[m[K,R),H);
[3.707s]       |                                                     [01;31m[K~~~~~~~~~^~~[m[K
[3.707s]       |                                                              [01;31m[K|[m[K
[3.707s]       |                                                              [01;31m[Kstd::vector<std::vector<int> >[m[K
[3.707s] 
[3.707s] [01m[K/home/fortunato/ros2_ws/src/nodi/src/nodo.cpp:74:49:[m[K [01;36m[Knote: [m[K  initializing argument 1 of â€˜[01m[Kstd::vector<std::vector<double, std::allocator<double> > > NodoConsenso::moltiplicaMatrici(const std::vector<std::vector<double, std::allocator<double> > >&, const std::vector<std::vector<double, std::allocator<double> > >&)[m[Kâ€™
[3.707s]    74 |         [01;36m[Kconst std::vector<std::vector<double>>& A[m[K,
[3.707s]       |         [01;36m[K~~~~~~~~~~~~~~~~~~~~~~~~~~~~~~~~~~~~~~~~^[m[K
[3.710s] [01m[K/home/fortunato/ros2_ws/src/nodi/src/nodo.cpp:115:149:[m[K [01;31m[Kerror: [m[Kâ€˜[01m[KB[m[Kâ€™ was not declared in this scope
[3.710s]   115 | icevuta) + moltiplicaMatrici(moltiplicaMatrici(trasposta(H),[01;31m[KB[m[K),misura_ricevuta);
[3.711s]       |                                                             [01;31m[K^[m[K
[3.711s] 
[3.711s] [01m[K/home/fortunato/ros2_ws/src/nodi/src/nodo.cpp:116:65:[m[K [01;31m[Kerror: [m[Kcannot convert â€˜[01m[Kstd::vector<std::vector<double, std::allocator<double> > >[m[Kâ€™ to â€˜[01m[Kconst std::vector<std::vector<int> >&[m[Kâ€™
[3.711s]   116 |             std::vector<std::vector<double>>  V = appendColonne([01;31m[KV0[m[K,v0);
[3.711s]       |                                                                 [01;31m[K^~[m[K
[3.711s]       |                                                                 [01;31m[K|[m[K
[3.711s]       |                                                                 [01;31m[Kstd::vector<std::vector<double, std::allocator<double> > >[m[K
[3.711s] [01m[K/home/fortunato/ros2_ws/src/nodi/src/nodo.cpp:96:73:[m[K [01;36m[Knote: [m[K  initializing argument 1 of â€˜[01m[Kstd::vector<int> NodoConsenso::appendColonne(const std::vector<std::vector<int> >&, const std::vector<std::vector<int> >&)[m[Kâ€™
[3.711s]    96 | tor<int> appendColonne([01;36m[Kconst std::vector<std::vector<int>>& matrice[m[K,const std::vector<std::vector<int>>& vettore2) {
[3.711s]       |                        [01;36m[K~~~~~~~~~~~~~~~~~~~~~~~~~~~~~~~~~~~~~^~~~~~~[m[K
[3.711s] 
[3.711s] [01m[K/home/fortunato/ros2_ws/src/nodi/src/nodo.cpp:118:45:[m[K [01;31m[Kerror: [m[Kâ€˜[01m[KFloat64MultiArray[m[Kâ€™ is not a member of â€˜[01m[Kstd_msgs::msg[m[Kâ€™
[3.711s]   118 |             auto messaggio = std_msgs::msg::[01;31m[KFloat64MultiArray[m[K();
[3.711s]       |                                             [01;31m[K^~~~~~~~~~~~~~~~~[m[K
[3.715s] [01m[K/home/fortunato/ros2_ws/src/nodi/src/nodo.cpp:120:13:[m[K [01;31m[Kerror: [m[Kâ€˜[01m[Kpub_Vv[m[Kâ€™ was not declared in this scope
[3.715s]   120 |             [01;31m[Kpub_Vv[m[K->publish(messaggio);
[3.715s]       |             [01;31m[K^~~~~~[m[K
[4.168s] gmake[2]: *** [CMakeFiles/nodo.dir/build.make:76: CMakeFiles/nodo.dir/src/nodo.cpp.o] Errore 1
[4.168s] gmake[1]: *** [CMakeFiles/Makefile2:137: CMakeFiles/nodo.dir/all] Errore 2
[4.169s] gmake: *** [Makefile:146: all] Errore 2
[4.171s] Invoked command in '/home/fortunato/ros2_ws/build/tuo_pacchetto' returned '2': /usr/bin/cmake --build /home/fortunato/ros2_ws/build/tuo_pacchetto -- -j8 -l8
